<?xml version="1.0" encoding="UTF-8"?>
<!-- Generated by org.testng.reporters.JUnitReportReporter -->
<testsuite hostname="Apples-Mac-mini.local" failures="0" tests="1" name="testClass.LoginTest" time="8.176" errors="0" timestamp="2024-02-28T08:47:13 IST" skipped="0">
  <testcase classname="testClass.LoginTest" name="method" time="8.176"/>
  <system-out/>
</testsuite> <!-- testClass.LoginTest -->
